Arguments: 
  /home/dknaack/.nvm/versions/node/v16.12.0/bin/node /mnt/c/Program Files/nodejs/node_modules/yarn/bin/yarn.js add antlr4/error/ErrorListener

PATH: 
  /home/dknaack/.nvm/versions/node/v16.12.0/bin:/usr/local/sbin:/usr/local/bin:/usr/sbin:/usr/bin:/sbin:/bin:/usr/games:/usr/local/games:/usr/lib/wsl/lib:/mnt/c/Users/Denis/AppData/Roaming/npm:/mnt/c/Program Files (x86)/Common Files/Intel/Shared Libraries/redist/intel64/compiler:/mnt/c/Program Files (x86)/Microsoft SQL Server/150/DTS/Binn/:/mnt/c/Program Files/Common Files/Intel/WirelessCommon/:/mnt/c/Program Files/docker:/mnt/c/Program Files/dotnet/:/mnt/c/Program Files/Intel/WiFi/bin/:/mnt/c/Program Files/Microsoft SQL Server/130/Tools/Binn/:/mnt/c/Program Files/Microsoft SQL Server/Client SDK/ODBC/170/Tools/Binn/:/mnt/c/Program Files/nodejs:/mnt/c/Program Files/PuTTY/:/mnt/c/ProgramData/chocolatey/bin:/mnt/c/Users/Denis/AppData/Roaming/nvm:/mnt/c/Windows:/mnt/c/Windows/system32:/mnt/c/Windows/System32/OpenSSH/:/mnt/c/Windows/System32/Wbem:/mnt/c/Windows/System32/WindowsPowerShell/v1.0/:/mnt/c/Program Files/doctl/:/mnt/c/Program Files (x86)/Microsoft SQL Server/150/Tools/Binn/:/mnt/c/Program Files/Microsoft SQL Server/150/Tools/Binn/:/mnt/c/Program Files/Microsoft SQL Server/150/DTS/Binn/:/mnt/c/Program Files/Git/cmd:/mnt/c/Program Files/OpenSSL/bin:/mnt/d/Development/WhoIs:/mnt/d/Development/Tools:/mnt/c/Program Files/PostgreSQL/12/bin:/mnt/c/Program Files/PostgreSQL/12/lib:/mnt/c/Users/Denis/AppData/Local/Android/Sdk/platform-tools:/mnt/c/Users/Denis/AppData/Local/Android/Sdk/emulator:/mnt/c/Program Files (x86)/NVIDIA Corporation/PhysX/Common:/mnt/c/WINDOWS/system32:/mnt/c/WINDOWS:/mnt/c/WINDOWS/System32/Wbem:/mnt/c/WINDOWS/System32/WindowsPowerShell/v1.0/:/mnt/c/WINDOWS/System32/OpenSSH/:/mnt/c/Program Files/Docker/Docker/resources/bin:/mnt/c/ProgramData/DockerDesktop/version-bin:/mnt/c/WINDOWS/system32:/mnt/c/WINDOWS:/mnt/c/WINDOWS/System32/Wbem:/mnt/c/WINDOWS/System32/WindowsPowerShell/v1.0/:/mnt/c/WINDOWS/System32/OpenSSH/:/mnt/c/Program Files/Java/jdk-13.0.2/bin:/mnt/c/Program Files/GitHub CLI/:/mnt/c/Android:/mnt/c/Users/Denis/.windows-build-tools/python27/:/mnt/c/Users/Denis/AppData/Roaming/nvm/v10.16.3/node_modules/npm/node_modules/npm-lifecycle/node-gyp-bin:/mnt/c/Program Files/nodejs/node_modules/windows-build-tools/node_modules/.bin:/mnt/c/Program Files/nodejs/node_modules/.bin:/mnt/c/Users/Denis/AppData/Local/Microsoft/WindowsApps:/mnt/c/Users/Denis/AppData/Local/Pr:/mnt/c/Users/Denis/AppData/Local/Programs/Microsoft VS Code/bin:/mnt/c/Users/Denis/AppData/Local/Programs/IPFS Desktop/resources/app.asar.unpacked/src/ipfs-on-path/scripts/bin-win:/mnt/c/Users/Denis/AppData/Local/Programs/Fiddler:/mnt/c/Users/Denis/AppData/Local/Microsoft/WindowsApps:/mnt/c/Program Files/Java/jdk-13.0.2/bin

Yarn version: 
  1.22.17

Node version: 
  16.12.0

Platform: 
  linux x64

Trace: 
  Error: https://registry.yarnpkg.com/antlr4%2ferror/ErrorListener: Request "https://registry.yarnpkg.com/antlr4%2ferror/ErrorListener" returned a 405
      at Request.params.callback [as _callback] (/mnt/c/Users/Denis/AppData/Roaming/nvm/v16.12.0/node_modules/yarn/lib/cli.js:67038:18)
      at Request.self.callback (/mnt/c/Users/Denis/AppData/Roaming/nvm/v16.12.0/node_modules/yarn/lib/cli.js:140883:22)
      at Request.emit (node:events:390:28)
      at Request.<anonymous> (/mnt/c/Users/Denis/AppData/Roaming/nvm/v16.12.0/node_modules/yarn/lib/cli.js:141855:10)
      at Request.emit (node:events:390:28)
      at IncomingMessage.<anonymous> (/mnt/c/Users/Denis/AppData/Roaming/nvm/v16.12.0/node_modules/yarn/lib/cli.js:141777:12)
      at Object.onceWrapper (node:events:509:28)
      at IncomingMessage.emit (node:events:402:35)
      at endReadableNT (node:internal/streams/readable:1343:12)
      at processTicksAndRejections (node:internal/process/task_queues:83:21)

npm manifest: 
  {
    "name": "free-discussions",
    "version": "1.0.0",
    "description": "Coming soon...",
    "main": "index.js",
    "scripts": {
      "format": "prettier --write \"**/*.cs \""
    },
    "repository": {
      "type": "git",
      "url": "git+https://justinb94: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@github.com/justinb94/FreeDiscussions.git"
    },
    "keywords": [],
    "author": "",
    "license": "ISC",
    "bugs": {
      "url": "https://github.com/justinb94/FreeDiscussions/issues"
    },
    "homepage": "https://github.com/justinb94/FreeDiscussions#readme",
    "devDependencies": {
      "prettier": "2.5.1",
      "prettier-plugin-csharp": "0.6.0-development"
    }
  }

yarn manifest: 
  No manifest

Lockfile: 
  # THIS IS AN AUTOGENERATED FILE. DO NOT EDIT THIS FILE DIRECTLY.
  # yarn lockfile v1
  
  
  antlr4@^4.7.2:
    version "4.9.3"
    resolved "https://registry.yarnpkg.com/antlr4/-/antlr4-4.9.3.tgz#268b844ff8ce97d022399a05d4b37aa6ab4047b2"
    integrity sha512-qNy2odgsa0skmNMCuxzXhM4M8J1YDaPv3TI+vCdnOAanu0N982wBrSqziDKRDctEZLZy9VffqIZXc0UGjjSP/g==
  
  is-alphabetical@^1.0.0:
    version "1.0.4"
    resolved "https://registry.yarnpkg.com/is-alphabetical/-/is-alphabetical-1.0.4.tgz#9e7d6b94916be22153745d184c298cbf986a686d"
    integrity sha512-DwzsA04LQ10FHTZuL0/grVDk4rFoVH1pjAToYwBrHSxcrBIGQuXrQMtD5U1b0U2XVgKZCTLLP8u2Qxqhy3l2Vg==
  
  is-alphanumerical@^1.0.2:
    version "1.0.4"
    resolved "https://registry.yarnpkg.com/is-alphanumerical/-/is-alphanumerical-1.0.4.tgz#7eb9a2431f855f6b1ef1a78e326df515696c4dbf"
    integrity sha512-UzoZUr+XfVz3t3v4KyGEniVL9BDRoQtY7tOyrRybkVNjDFWyo1yhXNGrrBTQxp3ib9BLAWs7k2YKBQsFRkZG9A==
    dependencies:
      is-alphabetical "^1.0.0"
      is-decimal "^1.0.0"
  
  is-decimal@^1.0.0:
    version "1.0.4"
    resolved "https://registry.yarnpkg.com/is-decimal/-/is-decimal-1.0.4.tgz#65a3a5958a1c5b63a706e1b333d7cd9f630d3fa5"
    integrity sha512-RGdriMmQQvZ2aqaQq3awNA6dCGtKpiDFcOzrTWrDAT2MiWrKQVPmxLGHl7Y2nNu6led0kEyoX0enY0qXYsv9zw==
  
  lodash@^4.17.11:
    version "4.17.21"
    resolved "https://registry.yarnpkg.com/lodash/-/lodash-4.17.21.tgz#679591c564c3bffaae8454cf0b3df370c3d6911c"
    integrity sha512-v2kDEe57lecTulaDIuNTPy3Ry4gLGJ6Z1O3vE1krgXZNrsQ+LFTGHVxVjcXPs17LhbZVGedAJv8XZ1tvj5FvSg==
  
  prettier-plugin-csharp@0.6.0-development:
    version "0.6.0-development"
    resolved "https://registry.yarnpkg.com/prettier-plugin-csharp/-/prettier-plugin-csharp-0.6.0-development.tgz#4e253fa8fedfcd807e80a1193b62be8d81984cf0"
    integrity sha512-YFQvAFHzxtN7kTYgJNHpAT7T/h5SoKeVovYOWe+vReMeawEA91R+6nZ5+ahrE6xF8WD+Rtts5WTkrF7zgYMh7w==
    dependencies:
      antlr4 "^4.7.2"
      is-alphanumerical "^1.0.2"
      lodash "^4.17.11"
      prettier "^1.15.3"
  
  prettier@2.5.1:
    version "2.5.1"
    resolved "https://registry.yarnpkg.com/prettier/-/prettier-2.5.1.tgz#fff75fa9d519c54cf0fce328c1017d94546bc56a"
    integrity sha512-vBZcPRUR5MZJwoyi3ZoyQlc1rXeEck8KgeC9AwwOn+exuxLxq5toTRDTSaVrXHxelDMHy9zlicw8u66yxoSUFg==
  
  prettier@^1.15.3:
    version "1.19.1"
    resolved "https://registry.yarnpkg.com/prettier/-/prettier-1.19.1.tgz#f7d7f5ff8a9cd872a7be4ca142095956a60797cb"
    integrity sha512-s7PoyDv/II1ObgQunCbB9PdLmUcBZcnWOcxDh7O0N/UwDEsHyqkW+Qh28jW+mVuCdx7gLB0BotYI1Y6uI9iyew==
